-- Found ament_cmake: 1.3.3 (/opt/ros/humble/share/ament_cmake/cmake)
-- Found rclcpp: 16.0.3 (/opt/ros/humble/share/rclcpp/cmake)
-- Found rosidl_generator_c: 3.1.4 (/opt/ros/humble/share/rosidl_generator_c/cmake)
-- Found rosidl_adapter: 3.1.4 (/opt/ros/humble/share/rosidl_adapter/cmake)
-- Found rosidl_generator_cpp: 3.1.4 (/opt/ros/humble/share/rosidl_generator_cpp/cmake)
-- Using all available rosidl_typesupport_c: rosidl_typesupport_fastrtps_c;rosidl_typesupport_introspection_c
-- Using all available rosidl_typesupport_cpp: rosidl_typesupport_fastrtps_cpp;rosidl_typesupport_introspection_cpp
-- Found rmw_implementation_cmake: 6.1.1 (/opt/ros/humble/share/rmw_implementation_cmake/cmake)
-- Found rmw_fastrtps_cpp: 6.2.2 (/opt/ros/humble/share/rmw_fastrtps_cpp/cmake)
-- Using RMW implementation 'rmw_fastrtps_cpp' as default
-- Found my_interfaces: 0.0.0 (/home/quonone/workspace/dev_ws/src/install/my_interfaces/share/my_interfaces/cmake)
-- Found OpenCV: /usr/local (found version "4.6.0") 
-- Found CXSparse: /usr/include/suitesparse (found suitable version "3.2.0", minimum required is "3.2.0") 
-- Found AMD headers in: /usr/include/suitesparse
-- Found AMD library: /usr/lib/x86_64-linux-gnu/libamd.so
-- Found CAMD headers in: /usr/include/suitesparse
-- Found CAMD library: /usr/lib/x86_64-linux-gnu/libcamd.so
-- Found CCOLAMD headers in: /usr/include/suitesparse
-- Found CCOLAMD library: /usr/lib/x86_64-linux-gnu/libccolamd.so
-- Found CHOLMOD headers in: /usr/include/suitesparse
-- Found CHOLMOD library: /usr/lib/x86_64-linux-gnu/libcholmod.so
-- Found COLAMD headers in: /usr/include/suitesparse
-- Found COLAMD library: /usr/lib/x86_64-linux-gnu/libcolamd.so
-- Found SPQR headers in: /usr/include/suitesparse
-- Found SPQR library: /usr/lib/x86_64-linux-gnu/libspqr.so
-- Found Config headers in: /usr/include/suitesparse
-- Found Config library: /usr/lib/x86_64-linux-gnu/libsuitesparseconfig.so
-- Found Intel Thread Building Blocks (TBB) library (2021.5 / ) include location: . Assuming SuiteSparseQR was compiled with TBB.
-- Looking for shm_open in rt
-- Looking for shm_open in rt - found
-- Adding librt to SuiteSparse_config libraries (required on Linux & Unix [not OSX] if SuiteSparse is compiled with timing).
-- Could NOT find METIS (missing: METIS_INCLUDE_DIR METIS_LIBRARY) 
-- Found SuiteSparse: /usr/include/suitesparse (found suitable version "5.10.1", minimum required is "5.10.1") found components: AMD CAMD CCOLAMD CHOLMOD COLAMD SPQR Config 
-- Found required Ceres dependency: Eigen version 3.4.0 in /usr/share/eigen3/cmake
-- Found required Ceres dependency: glog
-- Found required Ceres dependency: gflags
-- Found Ceres version: 2.1.0 installed in: /usr/local with components: [EigenSparse, SparseLinearAlgebraLibrary, LAPACK, SuiteSparse, CXSparse, SchurSpecializations, Multithreading]
-- Found ament_lint_auto: 0.12.5 (/opt/ros/humble/share/ament_lint_auto/cmake)
-- Added test 'cppcheck' to perform static code analysis on C / C++ code
-- Configured cppcheck include dirs: $<BUILD_INTERFACE:/home/quonone/workspace/dev_ws/src/predictor/include>
-- Configured cppcheck exclude dirs and/or files: 
-- Added test 'lint_cmake' to check CMake code style
-- Added test 'uncrustify' to check C / C++ code style
-- Configured uncrustify additional arguments: 
-- Added test 'xmllint' to check XML markup files
-- Configuring done
-- Generating done
-- Build files have been written to: /home/quonone/workspace/dev_ws/src/build/predictor
[ 50%] [32mBuilding CXX object CMakeFiles/predictor.dir/src/predictor.cpp.o[0m
In file included from [01m[K/home/quonone/workspace/dev_ws/src/predictor/src/predictor.cpp:1[m[K:
[01m[K/home/quonone/workspace/dev_ws/src/predictor/src/../include/predictor/predictor.h:73:22:[m[K [01;31m[Kerror: [m[Kâ€˜[01m[KKalmanFilter[m[Kâ€™ was not declared in this scope; did you mean â€˜[01m[Kcv::KalmanFilter[m[Kâ€™?
   73 |      std::shared_ptr<[01;31m[KKalmanFilter[m[K> kf;
      |                      [01;31m[K^~~~~~~~~~~~[m[K
      |                      [32m[Kcv::KalmanFilter[m[K
In file included from [01m[K/usr/local/include/opencv4/opencv2/video.hpp:56[m[K,
                 from [01m[K/usr/local/include/opencv4/opencv2/opencv.hpp:89[m[K,
                 from [01m[K/home/quonone/workspace/dev_ws/src/predictor/src/../include/predictor/predictor.h:4[m[K,
                 from [01m[K/home/quonone/workspace/dev_ws/src/predictor/src/predictor.cpp:1[m[K:
[01m[K/usr/local/include/opencv4/opencv2/video/tracking.hpp:360:20:[m[K [01;36m[Knote: [m[Kâ€˜[01m[Kcv::KalmanFilter[m[Kâ€™ declared here
  360 | class CV_EXPORTS_W [01;36m[KKalmanFilter[m[K
      |                    [01;36m[K^~~~~~~~~~~~[m[K
In file included from [01m[K/home/quonone/workspace/dev_ws/src/predictor/src/predictor.cpp:1[m[K:
[01m[K/home/quonone/workspace/dev_ws/src/predictor/src/../include/predictor/predictor.h:73:34:[m[K [01;31m[Kerror: [m[Ktemplate argument 1 is invalid
   73 |      std::shared_ptr<KalmanFilter[01;31m[K>[m[K kf;
      |                                  [01;31m[K^[m[K
[01m[K/home/quonone/workspace/dev_ws/src/predictor/src/predictor.cpp:[m[K In constructor â€˜[01m[KPredictor::Predictor(const string&)[m[Kâ€™:
[01m[K/home/quonone/workspace/dev_ws/src/predictor/src/predictor.cpp:17:9:[m[K [01;31m[Kerror: [m[Kâ€˜[01m[Kfs[m[Kâ€™ was not declared in this scope; did you mean â€˜[01m[Krcpputils::fs[m[Kâ€™?
   17 |     if(![01;31m[Kfs[m[K.isOpened()){
      |         [01;31m[K^~[m[K
      |         [32m[Krcpputils::fs[m[K
In file included from [01m[K/opt/ros/humble/include/rclcpp/rclcpp/logger.hpp:25[m[K,
                 from [01m[K/opt/ros/humble/include/rclcpp/rclcpp/logging.hpp:23[m[K,
                 from [01m[K/opt/ros/humble/include/rclcpp/rclcpp/client.hpp:40[m[K,
                 from [01m[K/opt/ros/humble/include/rclcpp/rclcpp/callback_group.hpp:24[m[K,
                 from [01m[K/opt/ros/humble/include/rclcpp/rclcpp/any_executable.hpp:20[m[K,
                 from [01m[K/opt/ros/humble/include/rclcpp/rclcpp/memory_strategy.hpp:25[m[K,
                 from [01m[K/opt/ros/humble/include/rclcpp/rclcpp/memory_strategies.hpp:18[m[K,
                 from [01m[K/opt/ros/humble/include/rclcpp/rclcpp/executor_options.hpp:20[m[K,
                 from [01m[K/opt/ros/humble/include/rclcpp/rclcpp/executor.hpp:37[m[K,
                 from [01m[K/opt/ros/humble/include/rclcpp/rclcpp/executors/multi_threaded_executor.hpp:25[m[K,
                 from [01m[K/opt/ros/humble/include/rclcpp/rclcpp/executors.hpp:21[m[K,
                 from [01m[K/opt/ros/humble/include/rclcpp/rclcpp/rclcpp.hpp:155[m[K,
                 from [01m[K/home/quonone/workspace/dev_ws/src/predictor/src/../include/predictor/predictor.h:2[m[K,
                 from [01m[K/home/quonone/workspace/dev_ws/src/predictor/src/predictor.cpp:1[m[K:
[01m[K/opt/ros/humble/include/rcpputils/rcpputils/filesystem_helper.hpp:49:11:[m[K [01;36m[Knote: [m[Kâ€˜[01m[Krcpputils::fs[m[Kâ€™ declared here
   49 | namespace [01;36m[Kfs[m[K
      |           [01;36m[K^~[m[K
gmake[2]: *** [CMakeFiles/predictor.dir/build.make:76ï¼šCMakeFiles/predictor.dir/src/predictor.cpp.o] é”™è¯¯ 1
gmake[1]: *** [CMakeFiles/Makefile2:137ï¼šCMakeFiles/predictor.dir/all] é”™è¯¯ 2
gmake: *** [Makefile:146ï¼šall] é”™è¯¯ 2
