[0.021s] Invoking command in '/home/quonone/workspace/dev_ws/src/build/predictor': CMAKE_PREFIX_PATH=${CMAKE_PREFIX_PATH}:/opt/ros/humble /usr/bin/cmake /home/quonone/workspace/dev_ws/src/predictor -DCMAKE_INSTALL_PREFIX=/home/quonone/workspace/dev_ws/src/install/predictor
[0.031s] -- Found ament_cmake: 1.3.3 (/opt/ros/humble/share/ament_cmake/cmake)
[0.165s] -- Found rclcpp: 16.0.3 (/opt/ros/humble/share/rclcpp/cmake)
[0.187s] -- Found rosidl_generator_c: 3.1.4 (/opt/ros/humble/share/rosidl_generator_c/cmake)
[0.189s] -- Found rosidl_adapter: 3.1.4 (/opt/ros/humble/share/rosidl_adapter/cmake)
[0.193s] -- Found rosidl_generator_cpp: 3.1.4 (/opt/ros/humble/share/rosidl_generator_cpp/cmake)
[0.201s] -- Using all available rosidl_typesupport_c: rosidl_typesupport_fastrtps_c;rosidl_typesupport_introspection_c
[0.216s] -- Using all available rosidl_typesupport_cpp: rosidl_typesupport_fastrtps_cpp;rosidl_typesupport_introspection_cpp
[0.263s] -- Found rmw_implementation_cmake: 6.1.1 (/opt/ros/humble/share/rmw_implementation_cmake/cmake)
[0.264s] -- Found rmw_fastrtps_cpp: 6.2.2 (/opt/ros/humble/share/rmw_fastrtps_cpp/cmake)
[0.354s] -- Using RMW implementation 'rmw_fastrtps_cpp' as default
[0.475s] -- Found my_interfaces: 0.0.0 (/home/quonone/workspace/dev_ws/src/install/my_interfaces/share/my_interfaces/cmake)
[0.592s] -- Found OpenCV: /usr/local (found version "4.6.0") 
[0.603s] -- Found CXSparse: /usr/include/suitesparse (found suitable version "3.2.0", minimum required is "3.2.0") 
[0.936s] -- Found AMD headers in: /usr/include/suitesparse
[0.937s] -- Found AMD library: /usr/lib/x86_64-linux-gnu/libamd.so
[0.937s] -- Found CAMD headers in: /usr/include/suitesparse
[0.938s] -- Found CAMD library: /usr/lib/x86_64-linux-gnu/libcamd.so
[0.938s] -- Found CCOLAMD headers in: /usr/include/suitesparse
[0.939s] -- Found CCOLAMD library: /usr/lib/x86_64-linux-gnu/libccolamd.so
[0.939s] -- Found CHOLMOD headers in: /usr/include/suitesparse
[0.940s] -- Found CHOLMOD library: /usr/lib/x86_64-linux-gnu/libcholmod.so
[0.940s] -- Found COLAMD headers in: /usr/include/suitesparse
[0.940s] -- Found COLAMD library: /usr/lib/x86_64-linux-gnu/libcolamd.so
[0.940s] -- Found SPQR headers in: /usr/include/suitesparse
[0.941s] -- Found SPQR library: /usr/lib/x86_64-linux-gnu/libspqr.so
[0.941s] -- Found Config headers in: /usr/include/suitesparse
[0.941s] -- Found Config library: /usr/lib/x86_64-linux-gnu/libsuitesparseconfig.so
[0.944s] -- Found Intel Thread Building Blocks (TBB) library (2021.5 / ) include location: . Assuming SuiteSparseQR was compiled with TBB.
[0.944s] -- Looking for shm_open in rt
[0.993s] -- Looking for shm_open in rt - found
[0.993s] -- Adding librt to SuiteSparse_config libraries (required on Linux & Unix [not OSX] if SuiteSparse is compiled with timing).
[0.998s] -- Could NOT find METIS (missing: METIS_INCLUDE_DIR METIS_LIBRARY) 
[0.998s] -- Found SuiteSparse: /usr/include/suitesparse (found suitable version "5.10.1", minimum required is "5.10.1") found components: AMD CAMD CCOLAMD CHOLMOD COLAMD SPQR Config 
[0.999s] -- Found required Ceres dependency: Eigen version 3.4.0 in /usr/share/eigen3/cmake
[1.004s] -- Found required Ceres dependency: glog
[1.004s] -- Found required Ceres dependency: gflags
[1.005s] -- Found Ceres version: 2.1.0 installed in: /usr/local with components: [EigenSparse, SparseLinearAlgebraLibrary, LAPACK, SuiteSparse, CXSparse, SchurSpecializations, Multithreading]
[1.008s] -- Found ament_lint_auto: 0.12.5 (/opt/ros/humble/share/ament_lint_auto/cmake)
[1.069s] -- Added test 'cppcheck' to perform static code analysis on C / C++ code
[1.069s] -- Configured cppcheck include dirs: $<BUILD_INTERFACE:/home/quonone/workspace/dev_ws/src/predictor/include>
[1.069s] -- Configured cppcheck exclude dirs and/or files: 
[1.069s] -- Added test 'lint_cmake' to check CMake code style
[1.070s] -- Added test 'uncrustify' to check C / C++ code style
[1.070s] -- Configured uncrustify additional arguments: 
[1.070s] -- Added test 'xmllint' to check XML markup files
[1.071s] -- Configuring done
[1.081s] -- Generating done
[1.082s] -- Build files have been written to: /home/quonone/workspace/dev_ws/src/build/predictor
[1.088s] Invoked command in '/home/quonone/workspace/dev_ws/src/build/predictor' returned '0': CMAKE_PREFIX_PATH=${CMAKE_PREFIX_PATH}:/opt/ros/humble /usr/bin/cmake /home/quonone/workspace/dev_ws/src/predictor -DCMAKE_INSTALL_PREFIX=/home/quonone/workspace/dev_ws/src/install/predictor
[1.090s] Invoking command in '/home/quonone/workspace/dev_ws/src/build/predictor': CMAKE_PREFIX_PATH=${CMAKE_PREFIX_PATH}:/opt/ros/humble /usr/bin/cmake --build /home/quonone/workspace/dev_ws/src/build/predictor -- -j12 -l12
[1.125s] [ 50%] [32mBuilding CXX object CMakeFiles/predictor.dir/src/predictor.cpp.o[0m
[4.159s] In file included from [01m[K/home/quonone/workspace/dev_ws/src/predictor/src/predictor.cpp:1[m[K:
[4.159s] [01m[K/home/quonone/workspace/dev_ws/src/predictor/src/../include/predictor/predictor.h:73:22:[m[K [01;31m[Kerror: [m[Kâ€˜[01m[KKalmanFilter[m[Kâ€™ was not declared in this scope; did you mean â€˜[01m[Kcv::KalmanFilter[m[Kâ€™?
[4.159s]    73 |      std::shared_ptr<[01;31m[KKalmanFilter[m[K> kf;
[4.159s]       |                      [01;31m[K^~~~~~~~~~~~[m[K
[4.159s]       |                      [32m[Kcv::KalmanFilter[m[K
[4.159s] In file included from [01m[K/usr/local/include/opencv4/opencv2/video.hpp:56[m[K,
[4.159s]                  from [01m[K/usr/local/include/opencv4/opencv2/opencv.hpp:89[m[K,
[4.159s]                  from [01m[K/home/quonone/workspace/dev_ws/src/predictor/src/../include/predictor/predictor.h:4[m[K,
[4.159s]                  from [01m[K/home/quonone/workspace/dev_ws/src/predictor/src/predictor.cpp:1[m[K:
[4.159s] [01m[K/usr/local/include/opencv4/opencv2/video/tracking.hpp:360:20:[m[K [01;36m[Knote: [m[Kâ€˜[01m[Kcv::KalmanFilter[m[Kâ€™ declared here
[4.159s]   360 | class CV_EXPORTS_W [01;36m[KKalmanFilter[m[K
[4.159s]       |                    [01;36m[K^~~~~~~~~~~~[m[K
[4.159s] In file included from [01m[K/home/quonone/workspace/dev_ws/src/predictor/src/predictor.cpp:1[m[K:
[4.159s] [01m[K/home/quonone/workspace/dev_ws/src/predictor/src/../include/predictor/predictor.h:73:34:[m[K [01;31m[Kerror: [m[Ktemplate argument 1 is invalid
[4.160s]    73 |      std::shared_ptr<KalmanFilter[01;31m[K>[m[K kf;
[4.160s]       |                                  [01;31m[K^[m[K
[4.204s] [01m[K/home/quonone/workspace/dev_ws/src/predictor/src/predictor.cpp:[m[K In constructor â€˜[01m[KPredictor::Predictor(const string&)[m[Kâ€™:
[4.204s] [01m[K/home/quonone/workspace/dev_ws/src/predictor/src/predictor.cpp:17:9:[m[K [01;31m[Kerror: [m[Kâ€˜[01m[Kfs[m[Kâ€™ was not declared in this scope; did you mean â€˜[01m[Krcpputils::fs[m[Kâ€™?
[4.204s]    17 |     if(![01;31m[Kfs[m[K.isOpened()){
[4.204s]       |         [01;31m[K^~[m[K
[4.204s]       |         [32m[Krcpputils::fs[m[K
[4.204s] In file included from [01m[K/opt/ros/humble/include/rclcpp/rclcpp/logger.hpp:25[m[K,
[4.205s]                  from [01m[K/opt/ros/humble/include/rclcpp/rclcpp/logging.hpp:23[m[K,
[4.205s]                  from [01m[K/opt/ros/humble/include/rclcpp/rclcpp/client.hpp:40[m[K,
[4.205s]                  from [01m[K/opt/ros/humble/include/rclcpp/rclcpp/callback_group.hpp:24[m[K,
[4.205s]                  from [01m[K/opt/ros/humble/include/rclcpp/rclcpp/any_executable.hpp:20[m[K,
[4.205s]                  from [01m[K/opt/ros/humble/include/rclcpp/rclcpp/memory_strategy.hpp:25[m[K,
[4.205s]                  from [01m[K/opt/ros/humble/include/rclcpp/rclcpp/memory_strategies.hpp:18[m[K,
[4.205s]                  from [01m[K/opt/ros/humble/include/rclcpp/rclcpp/executor_options.hpp:20[m[K,
[4.205s]                  from [01m[K/opt/ros/humble/include/rclcpp/rclcpp/executor.hpp:37[m[K,
[4.205s]                  from [01m[K/opt/ros/humble/include/rclcpp/rclcpp/executors/multi_threaded_executor.hpp:25[m[K,
[4.205s]                  from [01m[K/opt/ros/humble/include/rclcpp/rclcpp/executors.hpp:21[m[K,
[4.205s]                  from [01m[K/opt/ros/humble/include/rclcpp/rclcpp/rclcpp.hpp:155[m[K,
[4.205s]                  from [01m[K/home/quonone/workspace/dev_ws/src/predictor/src/../include/predictor/predictor.h:2[m[K,
[4.205s]                  from [01m[K/home/quonone/workspace/dev_ws/src/predictor/src/predictor.cpp:1[m[K:
[4.205s] [01m[K/opt/ros/humble/include/rcpputils/rcpputils/filesystem_helper.hpp:49:11:[m[K [01;36m[Knote: [m[Kâ€˜[01m[Krcpputils::fs[m[Kâ€™ declared here
[4.205s]    49 | namespace [01;36m[Kfs[m[K
[4.205s]       |           [01;36m[K^~[m[K
[8.405s] gmake[2]: *** [CMakeFiles/predictor.dir/build.make:76ï¼šCMakeFiles/predictor.dir/src/predictor.cpp.o] é”™è¯¯ 1
[8.405s] gmake[1]: *** [CMakeFiles/Makefile2:137ï¼šCMakeFiles/predictor.dir/all] é”™è¯¯ 2
[8.406s] gmake: *** [Makefile:146ï¼šall] é”™è¯¯ 2
[8.407s] Invoked command in '/home/quonone/workspace/dev_ws/src/build/predictor' returned '2': CMAKE_PREFIX_PATH=${CMAKE_PREFIX_PATH}:/opt/ros/humble /usr/bin/cmake --build /home/quonone/workspace/dev_ws/src/build/predictor -- -j12 -l12
