[0.015s] Invoking command in '/home/quonone/workspace/dev_ws/src/build/predictor': CMAKE_PREFIX_PATH=${CMAKE_PREFIX_PATH}:/opt/ros/humble /usr/bin/cmake --build /home/quonone/workspace/dev_ws/src/build/predictor -- -j12 -l12
[0.051s] [35m[1mConsolidate compiler generated dependencies of target predictor[0m
[0.077s] [ 50%] [32mBuilding CXX object CMakeFiles/predictor.dir/src/predictor.cpp.o[0m
[3.398s] [01m[K/home/quonone/workspace/dev_ws/src/predictor/src/predictor.cpp:[m[K In constructor â€˜[01m[KPredictor::Predictor(const string&)[m[Kâ€™:
[3.398s] [01m[K/home/quonone/workspace/dev_ws/src/predictor/src/predictor.cpp:17:9:[m[K [01;31m[Kerror: [m[Kâ€˜[01m[Kfs[m[Kâ€™ was not declared in this scope; did you mean â€˜[01m[Krcpputils::fs[m[Kâ€™?
[3.398s]    17 |     if(![01;31m[Kfs[m[K.isOpened()){
[3.398s]       |         [01;31m[K^~[m[K
[3.398s]       |         [32m[Krcpputils::fs[m[K
[3.398s] In file included from [01m[K/opt/ros/humble/include/rclcpp/rclcpp/logger.hpp:25[m[K,
[3.398s]                  from [01m[K/opt/ros/humble/include/rclcpp/rclcpp/logging.hpp:23[m[K,
[3.398s]                  from [01m[K/opt/ros/humble/include/rclcpp/rclcpp/client.hpp:40[m[K,
[3.398s]                  from [01m[K/opt/ros/humble/include/rclcpp/rclcpp/callback_group.hpp:24[m[K,
[3.398s]                  from [01m[K/opt/ros/humble/include/rclcpp/rclcpp/any_executable.hpp:20[m[K,
[3.398s]                  from [01m[K/opt/ros/humble/include/rclcpp/rclcpp/memory_strategy.hpp:25[m[K,
[3.399s]                  from [01m[K/opt/ros/humble/include/rclcpp/rclcpp/memory_strategies.hpp:18[m[K,
[3.399s]                  from [01m[K/opt/ros/humble/include/rclcpp/rclcpp/executor_options.hpp:20[m[K,
[3.399s]                  from [01m[K/opt/ros/humble/include/rclcpp/rclcpp/executor.hpp:37[m[K,
[3.399s]                  from [01m[K/opt/ros/humble/include/rclcpp/rclcpp/executors/multi_threaded_executor.hpp:25[m[K,
[3.399s]                  from [01m[K/opt/ros/humble/include/rclcpp/rclcpp/executors.hpp:21[m[K,
[3.399s]                  from [01m[K/opt/ros/humble/include/rclcpp/rclcpp/rclcpp.hpp:155[m[K,
[3.399s]                  from [01m[K/home/quonone/workspace/dev_ws/src/predictor/src/../include/predictor/predictor.h:2[m[K,
[3.399s]                  from [01m[K/home/quonone/workspace/dev_ws/src/predictor/src/predictor.cpp:1[m[K:
[3.399s] [01m[K/opt/ros/humble/include/rcpputils/rcpputils/filesystem_helper.hpp:49:11:[m[K [01;36m[Knote: [m[Kâ€˜[01m[Krcpputils::fs[m[Kâ€™ declared here
[3.399s]    49 | namespace [01;36m[Kfs[m[K
[3.399s]       |           [01;36m[K^~[m[K
[7.878s] gmake[2]: *** [CMakeFiles/predictor.dir/build.make:76ï¼šCMakeFiles/predictor.dir/src/predictor.cpp.o] é”™è¯¯ 1
[7.878s] gmake[1]: *** [CMakeFiles/Makefile2:137ï¼šCMakeFiles/predictor.dir/all] é”™è¯¯ 2
[7.879s] gmake: *** [Makefile:146ï¼šall] é”™è¯¯ 2
[7.880s] Invoked command in '/home/quonone/workspace/dev_ws/src/build/predictor' returned '2': CMAKE_PREFIX_PATH=${CMAKE_PREFIX_PATH}:/opt/ros/humble /usr/bin/cmake --build /home/quonone/workspace/dev_ws/src/build/predictor -- -j12 -l12
